<?xml version="1.0" encoding="UTF-8"?>
<!-- Generated by org.testng.reporters.JUnitReportReporter -->
<testsuite skipped="0" hostname="admin-PC" name="TestNgProject1.TestNgProject1.Tests.LoginTest" tests="1" failures="0" timestamp="2020-01-18T10:08:00 IST" time="67.786" errors="0">
  <testcase name="test2" time="67.786" classname="TestNgProject1.TestNgProject1.Tests.LoginTest"/>
</testsuite> <!-- TestNgProject1.TestNgProject1.Tests.LoginTest -->
